[2019-04-07 22:44:17.978] [sharedprocess] [info] main {"machineId":"09a8a7ac53390d2aa241723bc421c671ef76cbcb851c562b80e78b47f4871e7d"}
[2019-04-07 22:44:21.850] [sharedprocess] [info] Scanned user extensions: 30
[2019-04-07 22:44:22.705] [sharedprocess] [info] Scanned system extensions: 72
[2019-04-07 22:44:23.475] [sharedprocess] [info] Scanned user extensions: 30
[2019-04-07 22:44:23.480] [sharedprocess] [info] Scanned system extensions: 72
[2019-04-07 22:44:28.715] [sharedprocess] [info] Scanned user extensions: 30
[2019-04-07 22:44:29.612] [sharedprocess] [info] Installing extension: dart-code.dart-code
[2019-04-07 22:44:29.612] [sharedprocess] [info] Installing extension: dart-code.flutter
[2019-04-07 22:44:29.612] [sharedprocess] [info] Installing extension: james-yu.latex-workshop
[2019-04-07 22:44:29.613] [sharedprocess] [info] Installing extension: ms-python.python
[2019-04-07 22:44:29.663] [sharedprocess] [info] Scanned user extensions: 30
[2019-04-07 22:44:29.666] [sharedprocess] [info] Scanned user extensions: 30
[2019-04-07 22:44:29.669] [sharedprocess] [info] Scanned user extensions: 30
[2019-04-07 22:44:29.672] [sharedprocess] [info] Scanned user extensions: 30
[2019-04-07 22:44:30.349] [sharedprocess] [info] Downloaded extension: dart-code.flutter /tmp/e5d5bc5a-58ab-48cf-9a92-ad826c6a814a
[2019-04-07 22:44:30.382] [sharedprocess] [info] Extracted extension to /home/gabo/.vscode/extensions/.dart-code.flutter-2.25.0: dart-code.flutter
[2019-04-07 22:44:30.382] [sharedprocess] [info] Renamed to /home/gabo/.vscode/extensions/dart-code.flutter-2.25.0
[2019-04-07 22:44:30.383] [sharedprocess] [info] Installation completed. dart-code.flutter
[2019-04-07 22:44:30.597] [sharedprocess] [info] Downloaded extension: dart-code.dart-code /tmp/640da896-a453-495b-8b2d-78cc14dcb76e
[2019-04-07 22:44:30.829] [sharedprocess] [info] Extracted extension to /home/gabo/.vscode/extensions/.dart-code.dart-code-2.25.0: dart-code.dart-code
[2019-04-07 22:44:30.830] [sharedprocess] [info] Renamed to /home/gabo/.vscode/extensions/dart-code.dart-code-2.25.0
[2019-04-07 22:44:30.831] [sharedprocess] [info] Installation completed. dart-code.dart-code
[2019-04-07 22:44:31.149] [sharedprocess] [info] Scanned user extensions: 30
[2019-04-07 22:44:31.152] [sharedprocess] [info] Scanned system extensions: 72
[2019-04-07 22:44:31.153] [sharedprocess] [info] Extensions installed successfully: dart-code.flutter
[2019-04-07 22:44:31.666] [sharedprocess] [info] Extensions installed successfully: dart-code.dart-code
[2019-04-07 22:44:33.348] [sharedprocess] [info] Downloaded extension: james-yu.latex-workshop /tmp/966ffd71-f695-4ff9-a8cf-a6d42da805ed
[2019-04-07 22:44:33.511] [sharedprocess] [info] Downloaded extension: ms-python.python /tmp/90cfe429-3286-4501-8e6d-ee0dc3149857
[2019-04-07 22:44:40.706] [sharedprocess] [info] Extracted extension to /home/gabo/.vscode/extensions/.ms-python.python-2019.3.6352: ms-python.python
[2019-04-07 22:44:40.706] [sharedprocess] [info] Renamed to /home/gabo/.vscode/extensions/ms-python.python-2019.3.6352
[2019-04-07 22:44:40.709] [sharedprocess] [info] Installation completed. ms-python.python
[2019-04-07 22:44:40.882] [sharedprocess] [info] Extensions installed successfully: ms-python.python
[2019-04-07 22:44:44.196] [sharedprocess] [info] Extracted extension to /home/gabo/.vscode/extensions/.james-yu.latex-workshop-6.3.0: james-yu.latex-workshop
[2019-04-07 22:44:44.196] [sharedprocess] [info] Renamed to /home/gabo/.vscode/extensions/james-yu.latex-workshop-6.3.0
[2019-04-07 22:44:44.198] [sharedprocess] [info] Installation completed. james-yu.latex-workshop
[2019-04-07 22:44:44.365] [sharedprocess] [info] Extensions installed successfully: james-yu.latex-workshop
[2019-04-07 22:44:57.985] [sharedprocess] [info] Starting to clean up unused language packs.
[2019-04-07 22:49:28.832] [sharedprocess] [info] Scanned user extensions: 30
[2019-04-07 22:54:28.871] [sharedprocess] [info] Scanned user extensions: 30
[2019-04-07 22:59:28.944] [sharedprocess] [info] Scanned user extensions: 30
[2019-04-07 23:04:29.017] [sharedprocess] [info] Scanned user extensions: 30
[2019-04-07 23:09:29.066] [sharedprocess] [info] Scanned user extensions: 30
[2019-04-07 23:14:29.100] [sharedprocess] [info] Scanned user extensions: 30
[2019-04-07 23:19:29.142] [sharedprocess] [info] Scanned user extensions: 30
[2019-04-07 23:24:29.267] [sharedprocess] [info] Scanned user extensions: 30
[2019-04-07 23:29:29.365] [sharedprocess] [info] Scanned user extensions: 30
[2019-04-07 23:34:29.427] [sharedprocess] [info] Scanned user extensions: 30
[2019-04-07 23:39:29.509] [sharedprocess] [info] Scanned user extensions: 30
[2019-04-07 23:44:29.912] [sharedprocess] [info] Scanned user extensions: 30
[2019-04-07 23:49:29.982] [sharedprocess] [info] Scanned user extensions: 30
[2019-04-07 23:54:30.054] [sharedprocess] [info] Scanned user extensions: 30
[2019-04-07 23:59:30.126] [sharedprocess] [info] Scanned user extensions: 30
[2019-04-08 00:04:30.195] [sharedprocess] [info] Scanned user extensions: 30
[2019-04-08 00:09:30.279] [sharedprocess] [info] Scanned user extensions: 30
[2019-04-08 00:14:30.412] [sharedprocess] [info] Scanned user extensions: 30
[2019-04-08 00:19:30.518] [sharedprocess] [info] Scanned user extensions: 30
[2019-04-08 07:10:49.319] [sharedprocess] [info] Scanned user extensions: 30
[2019-04-08 07:15:49.363] [sharedprocess] [info] Scanned user extensions: 30
[2019-04-08 07:20:49.438] [sharedprocess] [info] Scanned user extensions: 30
[2019-04-08 07:25:49.469] [sharedprocess] [info] Scanned user extensions: 30
[2019-04-08 07:30:49.556] [sharedprocess] [info] Scanned user extensions: 30
[2019-04-08 07:35:49.597] [sharedprocess] [info] Scanned user extensions: 30
[2019-04-08 07:40:49.673] [sharedprocess] [info] Scanned user extensions: 30
[2019-04-08 07:45:49.744] [sharedprocess] [info] Scanned user extensions: 30
[2019-04-08 07:50:49.790] [sharedprocess] [info] Scanned user extensions: 30
[2019-04-08 07:55:49.863] [sharedprocess] [info] Scanned user extensions: 30
[2019-04-08 08:00:49.935] [sharedprocess] [info] Scanned user extensions: 30
[2019-04-08 08:05:50.023] [sharedprocess] [info] Scanned user extensions: 30
[2019-04-08 08:10:50.476] [sharedprocess] [info] Scanned user extensions: 30
[2019-04-08 08:15:50.540] [sharedprocess] [info] Scanned user extensions: 30
[2019-04-08 08:20:50.612] [sharedprocess] [info] Scanned user extensions: 30
[2019-04-08 08:25:50.678] [sharedprocess] [info] Scanned user extensions: 30
[2019-04-08 08:30:50.750] [sharedprocess] [info] Scanned user extensions: 30
[2019-04-08 08:38:08.800] [sharedprocess] [info] Scanned user extensions: 30
[2019-04-08 08:43:08.873] [sharedprocess] [info] Scanned user extensions: 30
[2019-04-08 08:48:08.931] [sharedprocess] [info] Scanned user extensions: 30
[2019-04-08 08:53:08.979] [sharedprocess] [info] Scanned user extensions: 30
[2019-04-08 08:58:09.052] [sharedprocess] [info] Scanned user extensions: 30
[2019-04-08 09:03:09.124] [sharedprocess] [info] Scanned user extensions: 30
[2019-04-08 09:08:09.199] [sharedprocess] [info] Scanned user extensions: 30
[2019-04-08 09:13:09.551] [sharedprocess] [info] Scanned user extensions: 30
[2019-04-08 09:18:09.622] [sharedprocess] [info] Scanned user extensions: 30
[2019-04-08 09:23:09.766] [sharedprocess] [info] Scanned user extensions: 30
[2019-04-08 09:28:09.835] [sharedprocess] [info] Scanned user extensions: 30
[2019-04-08 10:45:51.653] [sharedprocess] [info] Scanned user extensions: 30
[2019-04-08 10:50:51.698] [sharedprocess] [info] Scanned user extensions: 30
[2019-04-08 10:55:51.737] [sharedprocess] [info] Scanned user extensions: 30
[2019-04-08 11:00:51.822] [sharedprocess] [info] Scanned user extensions: 30
[2019-04-08 11:05:52.772] [sharedprocess] [info] Scanned user extensions: 30
[2019-04-08 11:10:52.847] [sharedprocess] [info] Scanned user extensions: 30
[2019-04-08 11:15:52.945] [sharedprocess] [info] Scanned user extensions: 30
[2019-04-08 11:20:52.990] [sharedprocess] [info] Scanned user extensions: 30
[2019-04-08 11:25:53.072] [sharedprocess] [info] Scanned user extensions: 30
[2019-04-08 11:30:53.139] [sharedprocess] [info] Scanned user extensions: 30
[2019-04-08 11:35:53.205] [sharedprocess] [info] Scanned user extensions: 30
[2019-04-08 11:47:35.027] [sharedprocess] [info] Scanned user extensions: 30
[2019-04-08 11:52:35.107] [sharedprocess] [info] Scanned user extensions: 30
[2019-04-08 11:57:35.177] [sharedprocess] [info] Scanned user extensions: 30
[2019-04-08 12:02:35.854] [sharedprocess] [info] Scanned user extensions: 30
[2019-04-08 12:07:35.924] [sharedprocess] [info] Scanned user extensions: 30
[2019-04-08 12:12:35.964] [sharedprocess] [info] Scanned user extensions: 30
[2019-04-08 12:17:36.036] [sharedprocess] [info] Scanned user extensions: 30
[2019-04-08 12:22:36.079] [sharedprocess] [info] Scanned user extensions: 30
[2019-04-08 12:27:36.127] [sharedprocess] [info] Scanned user extensions: 30
[2019-04-08 12:32:36.164] [sharedprocess] [info] Scanned user extensions: 30
[2019-04-08 12:37:36.232] [sharedprocess] [info] Scanned user extensions: 30
[2019-04-08 12:42:36.272] [sharedprocess] [info] Scanned user extensions: 30
[2019-04-08 12:47:36.658] [sharedprocess] [info] Scanned user extensions: 30
[2019-04-08 12:52:36.745] [sharedprocess] [info] Scanned user extensions: 30
[2019-04-08 12:57:36.806] [sharedprocess] [info] Scanned user extensions: 30
[2019-04-08 13:02:36.874] [sharedprocess] [info] Scanned user extensions: 30
[2019-04-08 13:07:36.912] [sharedprocess] [info] Scanned user extensions: 30
[2019-04-08 13:12:36.986] [sharedprocess] [info] Scanned user extensions: 30
[2019-04-08 13:17:37.064] [sharedprocess] [info] Scanned user extensions: 30
[2019-04-08 13:22:37.131] [sharedprocess] [info] Scanned user extensions: 30
[2019-04-08 13:27:37.216] [sharedprocess] [info] Scanned user extensions: 30
[2019-04-08 13:32:37.263] [sharedprocess] [info] Scanned user extensions: 30
[2019-04-08 13:37:37.300] [sharedprocess] [info] Scanned user extensions: 30
[2019-04-08 13:42:37.370] [sharedprocess] [info] Scanned user extensions: 30
[2019-04-08 13:47:37.730] [sharedprocess] [info] Scanned user extensions: 30
[2019-04-08 13:52:37.789] [sharedprocess] [info] Scanned user extensions: 30
[2019-04-08 13:57:37.839] [sharedprocess] [info] Scanned user extensions: 30
[2019-04-08 14:02:37.917] [sharedprocess] [info] Scanned user extensions: 30
[2019-04-08 14:07:37.964] [sharedprocess] [info] Scanned user extensions: 30
[2019-04-08 14:12:38.031] [sharedprocess] [info] Scanned user extensions: 30
[2019-04-08 14:17:38.104] [sharedprocess] [info] Scanned user extensions: 30
[2019-04-08 14:22:38.162] [sharedprocess] [info] Scanned user extensions: 30
[2019-04-08 14:27:38.231] [sharedprocess] [info] Scanned user extensions: 30
[2019-04-08 14:32:38.304] [sharedprocess] [info] Scanned user extensions: 30
[2019-04-08 14:37:38.437] [sharedprocess] [info] Scanned user extensions: 30
[2019-04-08 14:42:38.589] [sharedprocess] [info] Scanned user extensions: 30
[2019-04-08 14:47:38.923] [sharedprocess] [info] Scanned user extensions: 30
[2019-04-08 14:52:39.001] [sharedprocess] [info] Scanned user extensions: 30
[2019-04-08 14:57:39.085] [sharedprocess] [info] Scanned user extensions: 30
[2019-04-08 15:02:39.125] [sharedprocess] [info] Scanned user extensions: 30
[2019-04-08 15:07:39.167] [sharedprocess] [info] Scanned user extensions: 30
[2019-04-08 15:12:39.220] [sharedprocess] [info] Scanned user extensions: 30
[2019-04-08 15:17:39.263] [sharedprocess] [info] Scanned user extensions: 30
[2019-04-08 15:22:39.336] [sharedprocess] [info] Scanned user extensions: 30
[2019-04-08 15:27:39.437] [sharedprocess] [info] Scanned user extensions: 30
[2019-04-08 15:32:39.501] [sharedprocess] [info] Scanned user extensions: 30
[2019-04-08 15:37:39.573] [sharedprocess] [info] Scanned user extensions: 30
[2019-04-08 15:42:39.647] [sharedprocess] [info] Scanned user extensions: 30
[2019-04-08 15:47:40.029] [sharedprocess] [info] Scanned user extensions: 30
[2019-04-08 15:52:40.084] [sharedprocess] [info] Scanned user extensions: 30
[2019-04-08 15:57:40.153] [sharedprocess] [info] Scanned user extensions: 30
[2019-04-08 16:02:40.229] [sharedprocess] [info] Scanned user extensions: 30
[2019-04-08 16:07:40.299] [sharedprocess] [info] Scanned user extensions: 30
[2019-04-08 16:12:40.362] [sharedprocess] [info] Scanned user extensions: 30
[2019-04-08 16:17:40.449] [sharedprocess] [info] Scanned user extensions: 30
[2019-04-08 16:22:40.519] [sharedprocess] [info] Scanned user extensions: 30
[2019-04-08 16:27:40.591] [sharedprocess] [info] Scanned user extensions: 30
[2019-04-08 16:32:40.665] [sharedprocess] [info] Scanned user extensions: 30
[2019-04-08 16:37:40.714] [sharedprocess] [info] Scanned user extensions: 30
[2019-04-08 16:42:40.781] [sharedprocess] [info] Scanned user extensions: 30
[2019-04-08 16:47:41.148] [sharedprocess] [info] Scanned user extensions: 30
[2019-04-08 16:52:41.210] [sharedprocess] [info] Scanned user extensions: 30
[2019-04-08 16:57:41.280] [sharedprocess] [info] Scanned user extensions: 30
[2019-04-08 17:02:41.360] [sharedprocess] [info] Scanned user extensions: 30
[2019-04-08 17:07:41.457] [sharedprocess] [info] Scanned user extensions: 30
[2019-04-08 17:12:41.531] [sharedprocess] [info] Scanned user extensions: 30
[2019-04-08 17:17:41.627] [sharedprocess] [info] Scanned user extensions: 30
[2019-04-08 17:22:41.699] [sharedprocess] [info] Scanned user extensions: 30
[2019-04-08 17:27:41.772] [sharedprocess] [info] Scanned user extensions: 30
[2019-04-08 17:32:41.845] [sharedprocess] [info] Scanned user extensions: 30
[2019-04-08 17:37:41.918] [sharedprocess] [info] Scanned user extensions: 30
[2019-04-08 18:08:36.504] [sharedprocess] [info] Scanned user extensions: 30
[2019-04-08 18:13:36.579] [sharedprocess] [info] Scanned user extensions: 30
[2019-04-08 18:18:36.651] [sharedprocess] [info] Scanned user extensions: 30
[2019-04-08 18:23:36.702] [sharedprocess] [info] Scanned user extensions: 30
[2019-04-08 18:28:36.770] [sharedprocess] [info] Scanned user extensions: 30
[2019-04-08 18:33:36.845] [sharedprocess] [info] Scanned user extensions: 30
[2019-04-08 18:38:37.584] [sharedprocess] [info] Scanned user extensions: 30
[2019-04-08 18:43:37.664] [sharedprocess] [info] Scanned user extensions: 30
[2019-04-08 18:48:37.731] [sharedprocess] [info] Scanned user extensions: 30
[2019-04-08 18:53:37.804] [sharedprocess] [info] Scanned user extensions: 30
[2019-04-08 18:58:37.878] [sharedprocess] [info] Scanned user extensions: 30
[2019-04-08 19:03:37.948] [sharedprocess] [info] Scanned user extensions: 30
[2019-04-08 19:08:38.280] [sharedprocess] [info] Scanned user extensions: 30
[2019-04-08 19:13:38.383] [sharedprocess] [info] Scanned user extensions: 30
[2019-04-08 19:18:25.805] [sharedprocess] [info] Installing extension: ms-python.python
[2019-04-08 19:18:25.892] [sharedprocess] [info] Scanned user extensions: 30
[2019-04-08 19:18:28.104] [sharedprocess] [info] Downloaded extension: ms-python.python /tmp/a86bb601-ef5f-4f75-b087-7e5ae2cbc9c2
[2019-04-08 19:18:28.650] [sharedprocess] [info] Extracted extension to /home/gabo/.vscode/extensions/.ms-python.python-2019.3.6558: ms-python.python
[2019-04-08 19:18:28.650] [sharedprocess] [info] Renamed to /home/gabo/.vscode/extensions/ms-python.python-2019.3.6558
[2019-04-08 19:18:28.652] [sharedprocess] [info] Installation completed. ms-python.python
[2019-04-08 19:18:28.711] [sharedprocess] [info] Extensions installed successfully: ms-python.python
[2019-04-08 19:18:38.450] [sharedprocess] [info] Scanned user extensions: 30
[2019-04-08 19:23:38.505] [sharedprocess] [info] Scanned user extensions: 30
[2019-04-08 19:28:38.587] [sharedprocess] [info] Scanned user extensions: 30
[2019-04-08 19:33:38.688] [sharedprocess] [info] Scanned user extensions: 30
[2019-04-08 19:38:38.765] [sharedprocess] [info] Scanned user extensions: 30
[2019-04-08 21:35:32.427] [sharedprocess] [info] Scanned user extensions: 30
[2019-04-08 21:40:32.488] [sharedprocess] [info] Scanned user extensions: 30
[2019-04-08 21:45:32.563] [sharedprocess] [info] Scanned user extensions: 30
[2019-04-08 21:50:32.606] [sharedprocess] [info] Scanned user extensions: 30
[2019-04-08 21:55:32.695] [sharedprocess] [info] Scanned user extensions: 30
[2019-04-08 22:00:32.741] [sharedprocess] [info] Scanned user extensions: 30
[2019-04-08 22:05:32.782] [sharedprocess] [info] Scanned user extensions: 30
[2019-04-08 22:10:32.855] [sharedprocess] [info] Scanned user extensions: 30
[2019-04-08 22:15:32.930] [sharedprocess] [info] Scanned user extensions: 30
[2019-04-08 22:20:33.006] [sharedprocess] [info] Scanned user extensions: 30
[2019-04-08 22:25:33.067] [sharedprocess] [info] Scanned user extensions: 30
[2019-04-08 22:30:33.140] [sharedprocess] [info] Scanned user extensions: 30
[2019-04-08 22:35:33.496] [sharedprocess] [info] Scanned user extensions: 30
[2019-04-08 22:40:33.570] [sharedprocess] [info] Scanned user extensions: 30
[2019-04-09 10:51:05.262] [sharedprocess] [info] Scanned user extensions: 30
[2019-04-09 10:56:05.379] [sharedprocess] [info] Scanned user extensions: 30
[2019-04-09 11:01:05.454] [sharedprocess] [info] Scanned user extensions: 30
[2019-04-09 11:06:05.490] [sharedprocess] [info] Scanned user extensions: 30
[2019-04-09 11:11:05.064] [sharedprocess] [info] Scanned user extensions: 30
[2019-04-09 11:16:05.136] [sharedprocess] [info] Scanned user extensions: 30
[2019-04-09 11:21:05.218] [sharedprocess] [info] Scanned user extensions: 30
[2019-04-09 11:26:05.283] [sharedprocess] [info] Scanned user extensions: 30
[2019-04-09 11:31:05.327] [sharedprocess] [info] Scanned user extensions: 30
[2019-04-09 11:36:05.456] [sharedprocess] [info] Scanned user extensions: 30
[2019-04-09 11:41:05.533] [sharedprocess] [info] Scanned user extensions: 30
[2019-04-09 11:46:05.606] [sharedprocess] [info] Scanned user extensions: 30
[2019-04-09 11:51:05.971] [sharedprocess] [info] Scanned user extensions: 30
[2019-04-09 11:56:06.042] [sharedprocess] [info] Scanned user extensions: 30
[2019-04-09 12:01:06.109] [sharedprocess] [info] Scanned user extensions: 30
[2019-04-09 12:06:06.168] [sharedprocess] [info] Scanned user extensions: 30
[2019-04-09 12:11:06.311] [sharedprocess] [info] Scanned user extensions: 30
[2019-04-09 12:16:06.390] [sharedprocess] [info] Scanned user extensions: 30
[2019-04-09 12:21:06.433] [sharedprocess] [info] Scanned user extensions: 30
[2019-04-09 12:26:06.504] [sharedprocess] [info] Scanned user extensions: 30
[2019-04-09 12:31:06.627] [sharedprocess] [info] Scanned user extensions: 30
[2019-04-09 12:36:06.719] [sharedprocess] [info] Scanned user extensions: 30
[2019-04-09 12:41:06.794] [sharedprocess] [info] Scanned user extensions: 30
[2019-04-09 12:46:06.868] [sharedprocess] [info] Scanned user extensions: 30
[2019-04-09 12:51:08.065] [sharedprocess] [info] Scanned user extensions: 30
[2019-04-09 12:56:08.141] [sharedprocess] [info] Scanned user extensions: 30
[2019-04-09 13:01:08.213] [sharedprocess] [info] Scanned user extensions: 30
[2019-04-09 13:06:08.300] [sharedprocess] [info] Scanned user extensions: 30
[2019-04-09 13:11:08.372] [sharedprocess] [info] Scanned user extensions: 30
[2019-04-09 13:16:08.445] [sharedprocess] [info] Scanned user extensions: 30
[2019-04-09 13:21:08.517] [sharedprocess] [info] Scanned user extensions: 30
[2019-04-09 13:26:08.587] [sharedprocess] [info] Scanned user extensions: 30
[2019-04-09 13:31:08.655] [sharedprocess] [info] Scanned user extensions: 30
[2019-04-09 13:36:08.739] [sharedprocess] [info] Scanned user extensions: 30
[2019-04-09 13:41:08.813] [sharedprocess] [info] Scanned user extensions: 30
[2019-04-09 13:46:08.880] [sharedprocess] [info] Scanned user extensions: 30
[2019-04-09 13:51:09.251] [sharedprocess] [info] Scanned user extensions: 30
[2019-04-09 13:56:09.322] [sharedprocess] [info] Scanned user extensions: 30
[2019-04-09 14:01:09.390] [sharedprocess] [info] Scanned user extensions: 30
[2019-04-09 14:06:09.483] [sharedprocess] [info] Scanned user extensions: 30
[2019-04-09 14:11:09.576] [sharedprocess] [info] Scanned user extensions: 30
[2019-04-09 14:16:09.699] [sharedprocess] [info] Scanned user extensions: 30
[2019-04-09 14:21:09.779] [sharedprocess] [info] Scanned user extensions: 30
[2019-04-09 14:26:09.852] [sharedprocess] [info] Scanned user extensions: 30
