[2019-04-07 22:44:28.348] [exthost] [info] extension host started
[2019-04-07 22:44:28.568] [exthost] [info] ExtensionService#_doActivateExtension vscode.debug-auto-launch {"startup":true,"activationEvent":"*"}
[2019-04-07 22:44:28.568] [exthost] [info] ExtensionService#loadCommonJSModule /usr/share/code/resources/app/extensions/debug-auto-launch/dist/extension
[2019-04-07 22:44:28.823] [exthost] [info] ExtensionService#_doActivateExtension vscode.emmet {"startup":true,"activationEvent":"*"}
[2019-04-07 22:44:28.823] [exthost] [info] ExtensionService#loadCommonJSModule /usr/share/code/resources/app/extensions/emmet/dist/extension
[2019-04-07 22:44:28.900] [exthost] [info] ExtensionService#_doActivateExtension vscode.git {"startup":true,"activationEvent":"*"}
[2019-04-07 22:44:28.901] [exthost] [info] ExtensionService#loadCommonJSModule /usr/share/code/resources/app/extensions/git/dist/main
[2019-04-07 22:44:29.233] [exthost] [info] ExtensionService#_doActivateExtension vscode.merge-conflict {"startup":true,"activationEvent":"*"}
[2019-04-07 22:44:29.233] [exthost] [info] ExtensionService#loadCommonJSModule /usr/share/code/resources/app/extensions/merge-conflict/dist/extension
[2019-04-07 22:44:29.313] [exthost] [info] ExtensionService#_doActivateExtension auiworks.amvim {"startup":true,"activationEvent":"*"}
[2019-04-07 22:44:29.313] [exthost] [info] ExtensionService#loadCommonJSModule /home/gabo/.vscode/extensions/auiworks.amvim-1.30.0/out/src/extension
[2019-04-07 22:44:31.860] [exthost] [info] ExtensionService#_doActivateExtension christian-kohler.path-intellisense {"startup":true,"activationEvent":"*"}
[2019-04-07 22:44:31.860] [exthost] [info] ExtensionService#loadCommonJSModule /home/gabo/.vscode/extensions/christian-kohler.path-intellisense-1.4.2/out/src/extension
[2019-04-07 22:44:32.433] [exthost] [info] ExtensionService#_doActivateExtension esbenp.prettier-vscode {"startup":true,"activationEvent":"*"}
[2019-04-07 22:44:32.433] [exthost] [info] ExtensionService#loadCommonJSModule /home/gabo/.vscode/extensions/esbenp.prettier-vscode-1.8.1/out/src/extension
[2019-04-07 22:44:33.928] [exthost] [info] ExtensionService#_doActivateExtension HookyQR.beautify {"startup":true,"activationEvent":"*"}
[2019-04-07 22:44:33.928] [exthost] [info] ExtensionService#loadCommonJSModule /home/gabo/.vscode/extensions/hookyqr.beautify-1.4.11/extension
[2019-04-07 22:44:35.368] [exthost] [info] ExtensionService#_doActivateExtension naumovs.color-highlight {"startup":true,"activationEvent":"*"}
[2019-04-07 22:44:35.368] [exthost] [info] ExtensionService#loadCommonJSModule /home/gabo/.vscode/extensions/naumovs.color-highlight-2.3.0/dist/extension
[2019-04-07 22:44:35.490] [exthost] [info] ExtensionService#_doActivateExtension PKief.material-icon-theme {"startup":true,"activationEvent":"*"}
[2019-04-07 22:44:35.490] [exthost] [info] ExtensionService#loadCommonJSModule /home/gabo/.vscode/extensions/pkief.material-icon-theme-3.7.0/dist/extension
[2019-04-07 22:44:35.571] [exthost] [info] ExtensionService#_doActivateExtension streetsidesoftware.code-spell-checker {"startup":true,"activationEvent":"*"}
[2019-04-07 22:44:35.571] [exthost] [info] ExtensionService#loadCommonJSModule /home/gabo/.vscode/extensions/streetsidesoftware.code-spell-checker-1.6.10/out/src/extension
[2019-04-07 22:44:38.979] [exthost] [info] ExtensionService#_doActivateExtension ms-vscode.cpptools {"startup":true,"activationEvent":"*"}
[2019-04-07 22:44:38.979] [exthost] [info] ExtensionService#loadCommonJSModule /home/gabo/.vscode/extensions/ms-vscode.cpptools-0.22.1/out/src/main
[2019-04-07 22:44:43.406] [exthost] [info] ExtensionService#_doActivateExtension yhpnoraa.beauty {"startup":true,"activationEvent":"*"}
[2019-04-07 22:44:43.406] [exthost] [info] ExtensionService#loadCommonJSModule /home/gabo/.vscode/extensions/yhpnoraa.beauty-0.0.2/out/src/extension
[2019-04-07 22:44:43.802] [exthost] [info] ExtensionService#_doActivateExtension Zignd.html-css-class-completion {"startup":true,"activationEvent":"*"}
[2019-04-07 22:44:43.802] [exthost] [info] ExtensionService#loadCommonJSModule /home/gabo/.vscode/extensions/zignd.html-css-class-completion-1.18.0/out/src/extension
[2019-04-07 22:44:50.125] [exthost] [info] eager extensions activated
[2019-04-07 22:44:50.403] [exthost] [info] ExtensionService#_doActivateExtension streetsidesoftware.code-spell-checker-spanish {"startup":true,"activationEvent":"*"}
[2019-04-07 22:44:50.403] [exthost] [info] ExtensionService#loadCommonJSModule /home/gabo/.vscode/extensions/streetsidesoftware.code-spell-checker-spanish-1.0.1/out/src/extension
[2019-04-07 22:44:50.666] [exthost] [info] ExtensionService#_doActivateExtension vsciot-vscode.vscode-arduino {"startup":true,"activationEvent":"*"}
[2019-04-07 22:44:50.666] [exthost] [info] ExtensionService#loadCommonJSModule /home/gabo/.vscode/extensions/vsciot-vscode.vscode-arduino-0.2.25/out/src/extension
