[2019-04-21 12:01:13.321] [exthost] [info] extension host started
[2019-04-21 12:01:13.352] [exthost] [info] ExtensionService#_doActivateExtension vscode.debug-auto-launch {"startup":true,"activationEvent":"*"}
[2019-04-21 12:01:13.352] [exthost] [info] ExtensionService#loadCommonJSModule /usr/share/code/resources/app/extensions/debug-auto-launch/dist/extension
[2019-04-21 12:01:13.787] [exthost] [info] ExtensionService#_doActivateExtension vscode.emmet {"startup":true,"activationEvent":"*"}
[2019-04-21 12:01:13.787] [exthost] [info] ExtensionService#loadCommonJSModule /usr/share/code/resources/app/extensions/emmet/dist/extension
[2019-04-21 12:01:14.088] [exthost] [info] ExtensionService#_doActivateExtension vscode.git {"startup":true,"activationEvent":"*"}
[2019-04-21 12:01:14.088] [exthost] [info] ExtensionService#loadCommonJSModule /usr/share/code/resources/app/extensions/git/dist/main
[2019-04-21 12:01:14.730] [exthost] [info] ExtensionService#_doActivateExtension vscode.merge-conflict {"startup":true,"activationEvent":"*"}
[2019-04-21 12:01:14.730] [exthost] [info] ExtensionService#loadCommonJSModule /usr/share/code/resources/app/extensions/merge-conflict/dist/extension
[2019-04-21 12:01:14.865] [exthost] [info] ExtensionService#_doActivateExtension auiworks.amvim {"startup":true,"activationEvent":"*"}
[2019-04-21 12:01:14.865] [exthost] [info] ExtensionService#loadCommonJSModule /home/gabo/.vscode/extensions/auiworks.amvim-1.30.0/out/src/extension
[2019-04-21 12:01:15.328] [exthost] [info] ExtensionService#_doActivateExtension christian-kohler.path-intellisense {"startup":true,"activationEvent":"*"}
[2019-04-21 12:01:15.328] [exthost] [info] ExtensionService#loadCommonJSModule /home/gabo/.vscode/extensions/christian-kohler.path-intellisense-1.4.2/out/src/extension
[2019-04-21 12:01:15.585] [exthost] [info] ExtensionService#_doActivateExtension esbenp.prettier-vscode {"startup":true,"activationEvent":"*"}
[2019-04-21 12:01:15.585] [exthost] [info] ExtensionService#loadCommonJSModule /home/gabo/.vscode/extensions/esbenp.prettier-vscode-1.8.1/out/src/extension
[2019-04-21 12:01:16.118] [exthost] [info] ExtensionService#_doActivateExtension HookyQR.beautify {"startup":true,"activationEvent":"*"}
[2019-04-21 12:01:16.118] [exthost] [info] ExtensionService#loadCommonJSModule /home/gabo/.vscode/extensions/hookyqr.beautify-1.4.11/extension
[2019-04-21 12:01:16.583] [exthost] [info] ExtensionService#_doActivateExtension naumovs.color-highlight {"startup":true,"activationEvent":"*"}
[2019-04-21 12:01:16.583] [exthost] [info] ExtensionService#loadCommonJSModule /home/gabo/.vscode/extensions/naumovs.color-highlight-2.3.0/dist/extension
[2019-04-21 12:01:16.690] [exthost] [info] ExtensionService#_doActivateExtension PKief.material-icon-theme {"startup":true,"activationEvent":"*"}
[2019-04-21 12:01:16.690] [exthost] [info] ExtensionService#loadCommonJSModule /home/gabo/.vscode/extensions/pkief.material-icon-theme-3.7.0/dist/extension
[2019-04-21 12:01:16.734] [exthost] [info] ExtensionService#_doActivateExtension streetsidesoftware.code-spell-checker {"startup":true,"activationEvent":"*"}
[2019-04-21 12:01:16.734] [exthost] [info] ExtensionService#loadCommonJSModule /home/gabo/.vscode/extensions/streetsidesoftware.code-spell-checker-1.6.10/out/src/extension
[2019-04-21 12:01:17.576] [exthost] [info] ExtensionService#_doActivateExtension ms-vscode.cpptools {"startup":true,"activationEvent":"*"}
[2019-04-21 12:01:17.576] [exthost] [info] ExtensionService#loadCommonJSModule /home/gabo/.vscode/extensions/ms-vscode.cpptools-0.22.1/out/src/main
[2019-04-21 12:01:18.911] [exthost] [info] ExtensionService#_doActivateExtension yhpnoraa.beauty {"startup":true,"activationEvent":"*"}
[2019-04-21 12:01:18.911] [exthost] [info] ExtensionService#loadCommonJSModule /home/gabo/.vscode/extensions/yhpnoraa.beauty-0.0.2/out/src/extension
[2019-04-21 12:01:19.113] [exthost] [info] ExtensionService#_doActivateExtension Zignd.html-css-class-completion {"startup":true,"activationEvent":"*"}
[2019-04-21 12:01:19.113] [exthost] [info] ExtensionService#loadCommonJSModule /home/gabo/.vscode/extensions/zignd.html-css-class-completion-1.18.0/out/src/extension
[2019-04-21 12:01:21.040] [exthost] [info] eager extensions activated
[2019-04-21 12:01:21.442] [exthost] [info] ExtensionService#_doActivateExtension streetsidesoftware.code-spell-checker-spanish {"startup":true,"activationEvent":"*"}
[2019-04-21 12:01:21.442] [exthost] [info] ExtensionService#loadCommonJSModule /home/gabo/.vscode/extensions/streetsidesoftware.code-spell-checker-spanish-1.0.1/out/src/extension
[2019-04-21 12:01:21.652] [exthost] [info] ExtensionService#_doActivateExtension vsciot-vscode.vscode-arduino {"startup":true,"activationEvent":"*"}
[2019-04-21 12:01:21.652] [exthost] [info] ExtensionService#loadCommonJSModule /home/gabo/.vscode/extensions/vsciot-vscode.vscode-arduino-0.2.25/out/src/extension
