2019-05-19 20:09:33,778 DEBUG    root            Loaded Command Group: [u'gcloud', u'components']
2019-05-19 20:09:33,790 DEBUG    root            Loaded Command Group: [u'gcloud', u'components', u'list']
2019-05-19 20:09:33,796 DEBUG    root            Running [gcloud.components.list] with arguments: [--quiet: "True"]
2019-05-19 20:09:35,628 INFO     ___FILE_ONLY___ 
Your current Cloud SDK version is: 231.0.0

2019-05-19 20:09:35,628 INFO     ___FILE_ONLY___ The latest available version is: 246.0.0

2019-05-19 20:09:35,628 INFO     ___FILE_ONLY___ 

2019-05-19 20:09:35,630 INFO     root            Display format: "table[box,title="Components"](state.name:label=Status,name:label=Name,id:label=ID,size.size(zero="",min=1048576):label=Size:align=right)"
2019-05-19 20:09:35,636 INFO     ___FILE_ONLY___ ┌────────────────────────────────────────────────────────────────────────────────────────────────────────────────┐
2019-05-19 20:09:35,636 INFO     ___FILE_ONLY___ 

2019-05-19 20:09:35,636 INFO     ___FILE_ONLY___ │                                                   Components                                                   │
2019-05-19 20:09:35,636 INFO     ___FILE_ONLY___ 

2019-05-19 20:09:35,636 INFO     ___FILE_ONLY___ ├──────────────────┬──────────────────────────────────────────────────────┬──────────────────────────┬───────────┤
2019-05-19 20:09:35,636 INFO     ___FILE_ONLY___ 

2019-05-19 20:09:35,636 INFO     ___FILE_ONLY___ │      Status      │                         Name                         │            ID            │    Size   │
2019-05-19 20:09:35,637 INFO     ___FILE_ONLY___ 

2019-05-19 20:09:35,637 INFO     ___FILE_ONLY___ ├──────────────────┼──────────────────────────────────────────────────────┼──────────────────────────┼───────────┤
2019-05-19 20:09:35,637 INFO     ___FILE_ONLY___ 

2019-05-19 20:09:35,637 INFO     ___FILE_ONLY___ │ 
2019-05-19 20:09:35,637 INFO     ___FILE_ONLY___ Update Available
2019-05-19 20:09:35,637 INFO     ___FILE_ONLY___  
2019-05-19 20:09:35,637 INFO     ___FILE_ONLY___ │ 
2019-05-19 20:09:35,637 INFO     ___FILE_ONLY___ BigQuery Command Line Tool                          
2019-05-19 20:09:35,637 INFO     ___FILE_ONLY___  
2019-05-19 20:09:35,637 INFO     ___FILE_ONLY___ │ 
2019-05-19 20:09:35,637 INFO     ___FILE_ONLY___ bq                      
2019-05-19 20:09:35,637 INFO     ___FILE_ONLY___  
2019-05-19 20:09:35,638 INFO     ___FILE_ONLY___ │ 
2019-05-19 20:09:35,638 INFO     ___FILE_ONLY___   < 1 MiB
2019-05-19 20:09:35,638 INFO     ___FILE_ONLY___  
2019-05-19 20:09:35,638 INFO     ___FILE_ONLY___ │
2019-05-19 20:09:35,638 INFO     ___FILE_ONLY___ 

2019-05-19 20:09:35,638 INFO     ___FILE_ONLY___ │ 
2019-05-19 20:09:35,638 INFO     ___FILE_ONLY___ Update Available
2019-05-19 20:09:35,638 INFO     ___FILE_ONLY___  
2019-05-19 20:09:35,638 INFO     ___FILE_ONLY___ │ 
2019-05-19 20:09:35,638 INFO     ___FILE_ONLY___ Cloud SDK Core Libraries                            
2019-05-19 20:09:35,638 INFO     ___FILE_ONLY___  
2019-05-19 20:09:35,638 INFO     ___FILE_ONLY___ │ 
2019-05-19 20:09:35,639 INFO     ___FILE_ONLY___ core                    
2019-05-19 20:09:35,639 INFO     ___FILE_ONLY___  
2019-05-19 20:09:35,639 INFO     ___FILE_ONLY___ │ 
2019-05-19 20:09:35,639 INFO     ___FILE_ONLY___  10.5 MiB
2019-05-19 20:09:35,639 INFO     ___FILE_ONLY___  
2019-05-19 20:09:35,639 INFO     ___FILE_ONLY___ │
2019-05-19 20:09:35,639 INFO     ___FILE_ONLY___ 

2019-05-19 20:09:35,639 INFO     ___FILE_ONLY___ │ 
2019-05-19 20:09:35,639 INFO     ___FILE_ONLY___ Update Available
2019-05-19 20:09:35,639 INFO     ___FILE_ONLY___  
2019-05-19 20:09:35,639 INFO     ___FILE_ONLY___ │ 
2019-05-19 20:09:35,639 INFO     ___FILE_ONLY___ Cloud Storage Command Line Tool                     
2019-05-19 20:09:35,639 INFO     ___FILE_ONLY___  
2019-05-19 20:09:35,640 INFO     ___FILE_ONLY___ │ 
2019-05-19 20:09:35,640 INFO     ___FILE_ONLY___ gsutil                  
2019-05-19 20:09:35,640 INFO     ___FILE_ONLY___  
2019-05-19 20:09:35,640 INFO     ___FILE_ONLY___ │ 
2019-05-19 20:09:35,640 INFO     ___FILE_ONLY___   3.8 MiB
2019-05-19 20:09:35,640 INFO     ___FILE_ONLY___  
2019-05-19 20:09:35,640 INFO     ___FILE_ONLY___ │
2019-05-19 20:09:35,640 INFO     ___FILE_ONLY___ 

2019-05-19 20:09:35,640 INFO     ___FILE_ONLY___ │ 
2019-05-19 20:09:35,640 INFO     ___FILE_ONLY___ Not Installed   
2019-05-19 20:09:35,640 INFO     ___FILE_ONLY___  
2019-05-19 20:09:35,641 INFO     ___FILE_ONLY___ │ 
2019-05-19 20:09:35,641 INFO     ___FILE_ONLY___ App Engine Go Extensions                            
2019-05-19 20:09:35,641 INFO     ___FILE_ONLY___  
2019-05-19 20:09:35,641 INFO     ___FILE_ONLY___ │ 
2019-05-19 20:09:35,641 INFO     ___FILE_ONLY___ app-engine-go           
2019-05-19 20:09:35,641 INFO     ___FILE_ONLY___  
2019-05-19 20:09:35,641 INFO     ___FILE_ONLY___ │ 
2019-05-19 20:09:35,642 INFO     ___FILE_ONLY___  56.6 MiB
2019-05-19 20:09:35,642 INFO     ___FILE_ONLY___  
2019-05-19 20:09:35,642 INFO     ___FILE_ONLY___ │
2019-05-19 20:09:35,642 INFO     ___FILE_ONLY___ 

2019-05-19 20:09:35,642 INFO     ___FILE_ONLY___ │ 
2019-05-19 20:09:35,642 INFO     ___FILE_ONLY___ Not Installed   
2019-05-19 20:09:35,642 INFO     ___FILE_ONLY___  
2019-05-19 20:09:35,642 INFO     ___FILE_ONLY___ │ 
2019-05-19 20:09:35,642 INFO     ___FILE_ONLY___ Cloud Bigtable Command Line Tool                    
2019-05-19 20:09:35,642 INFO     ___FILE_ONLY___  
2019-05-19 20:09:35,642 INFO     ___FILE_ONLY___ │ 
2019-05-19 20:09:35,642 INFO     ___FILE_ONLY___ cbt                     
2019-05-19 20:09:35,643 INFO     ___FILE_ONLY___  
2019-05-19 20:09:35,643 INFO     ___FILE_ONLY___ │ 
2019-05-19 20:09:35,643 INFO     ___FILE_ONLY___   6.4 MiB
2019-05-19 20:09:35,643 INFO     ___FILE_ONLY___  
2019-05-19 20:09:35,643 INFO     ___FILE_ONLY___ │
2019-05-19 20:09:35,643 INFO     ___FILE_ONLY___ 

2019-05-19 20:09:35,643 INFO     ___FILE_ONLY___ │ 
2019-05-19 20:09:35,643 INFO     ___FILE_ONLY___ Not Installed   
2019-05-19 20:09:35,643 INFO     ___FILE_ONLY___  
2019-05-19 20:09:35,643 INFO     ___FILE_ONLY___ │ 
2019-05-19 20:09:35,643 INFO     ___FILE_ONLY___ Cloud Bigtable Emulator                             
2019-05-19 20:09:35,643 INFO     ___FILE_ONLY___  
2019-05-19 20:09:35,643 INFO     ___FILE_ONLY___ │ 
2019-05-19 20:09:35,644 INFO     ___FILE_ONLY___ bigtable                
2019-05-19 20:09:35,644 INFO     ___FILE_ONLY___  
2019-05-19 20:09:35,644 INFO     ___FILE_ONLY___ │ 
2019-05-19 20:09:35,644 INFO     ___FILE_ONLY___   5.6 MiB
2019-05-19 20:09:35,644 INFO     ___FILE_ONLY___  
2019-05-19 20:09:35,644 INFO     ___FILE_ONLY___ │
2019-05-19 20:09:35,644 INFO     ___FILE_ONLY___ 

2019-05-19 20:09:35,644 INFO     ___FILE_ONLY___ │ 
2019-05-19 20:09:35,644 INFO     ___FILE_ONLY___ Not Installed   
2019-05-19 20:09:35,644 INFO     ___FILE_ONLY___  
2019-05-19 20:09:35,644 INFO     ___FILE_ONLY___ │ 
2019-05-19 20:09:35,644 INFO     ___FILE_ONLY___ Cloud Datalab Command Line Tool                     
2019-05-19 20:09:35,644 INFO     ___FILE_ONLY___  
2019-05-19 20:09:35,644 INFO     ___FILE_ONLY___ │ 
2019-05-19 20:09:35,644 INFO     ___FILE_ONLY___ datalab                 
2019-05-19 20:09:35,645 INFO     ___FILE_ONLY___  
2019-05-19 20:09:35,645 INFO     ___FILE_ONLY___ │ 
2019-05-19 20:09:35,645 INFO     ___FILE_ONLY___   < 1 MiB
2019-05-19 20:09:35,645 INFO     ___FILE_ONLY___  
2019-05-19 20:09:35,645 INFO     ___FILE_ONLY___ │
2019-05-19 20:09:35,645 INFO     ___FILE_ONLY___ 

2019-05-19 20:09:35,645 INFO     ___FILE_ONLY___ │ 
2019-05-19 20:09:35,645 INFO     ___FILE_ONLY___ Not Installed   
2019-05-19 20:09:35,645 INFO     ___FILE_ONLY___  
2019-05-19 20:09:35,645 INFO     ___FILE_ONLY___ │ 
2019-05-19 20:09:35,645 INFO     ___FILE_ONLY___ Cloud Datastore Emulator                            
2019-05-19 20:09:35,645 INFO     ___FILE_ONLY___  
2019-05-19 20:09:35,645 INFO     ___FILE_ONLY___ │ 
2019-05-19 20:09:35,645 INFO     ___FILE_ONLY___ cloud-datastore-emulator
2019-05-19 20:09:35,645 INFO     ___FILE_ONLY___  
2019-05-19 20:09:35,646 INFO     ___FILE_ONLY___ │ 
2019-05-19 20:09:35,646 INFO     ___FILE_ONLY___  18.4 MiB
2019-05-19 20:09:35,646 INFO     ___FILE_ONLY___  
2019-05-19 20:09:35,646 INFO     ___FILE_ONLY___ │
2019-05-19 20:09:35,646 INFO     ___FILE_ONLY___ 

2019-05-19 20:09:35,646 INFO     ___FILE_ONLY___ │ 
2019-05-19 20:09:35,646 INFO     ___FILE_ONLY___ Not Installed   
2019-05-19 20:09:35,646 INFO     ___FILE_ONLY___  
2019-05-19 20:09:35,646 INFO     ___FILE_ONLY___ │ 
2019-05-19 20:09:35,646 INFO     ___FILE_ONLY___ Cloud Datastore Emulator (Legacy)                   
2019-05-19 20:09:35,646 INFO     ___FILE_ONLY___  
2019-05-19 20:09:35,646 INFO     ___FILE_ONLY___ │ 
2019-05-19 20:09:35,646 INFO     ___FILE_ONLY___ gcd-emulator            
2019-05-19 20:09:35,646 INFO     ___FILE_ONLY___  
2019-05-19 20:09:35,646 INFO     ___FILE_ONLY___ │ 
2019-05-19 20:09:35,647 INFO     ___FILE_ONLY___  38.1 MiB
2019-05-19 20:09:35,647 INFO     ___FILE_ONLY___  
2019-05-19 20:09:35,647 INFO     ___FILE_ONLY___ │
2019-05-19 20:09:35,647 INFO     ___FILE_ONLY___ 

2019-05-19 20:09:35,647 INFO     ___FILE_ONLY___ │ 
2019-05-19 20:09:35,647 INFO     ___FILE_ONLY___ Not Installed   
2019-05-19 20:09:35,647 INFO     ___FILE_ONLY___  
2019-05-19 20:09:35,647 INFO     ___FILE_ONLY___ │ 
2019-05-19 20:09:35,647 INFO     ___FILE_ONLY___ Cloud Firestore Emulator                            
2019-05-19 20:09:35,647 INFO     ___FILE_ONLY___  
2019-05-19 20:09:35,647 INFO     ___FILE_ONLY___ │ 
2019-05-19 20:09:35,647 INFO     ___FILE_ONLY___ cloud-firestore-emulator
2019-05-19 20:09:35,647 INFO     ___FILE_ONLY___  
2019-05-19 20:09:35,647 INFO     ___FILE_ONLY___ │ 
2019-05-19 20:09:35,647 INFO     ___FILE_ONLY___  40.5 MiB
2019-05-19 20:09:35,647 INFO     ___FILE_ONLY___  
2019-05-19 20:09:35,648 INFO     ___FILE_ONLY___ │
2019-05-19 20:09:35,648 INFO     ___FILE_ONLY___ 

2019-05-19 20:09:35,648 INFO     ___FILE_ONLY___ │ 
2019-05-19 20:09:35,648 INFO     ___FILE_ONLY___ Not Installed   
2019-05-19 20:09:35,648 INFO     ___FILE_ONLY___  
2019-05-19 20:09:35,648 INFO     ___FILE_ONLY___ │ 
2019-05-19 20:09:35,648 INFO     ___FILE_ONLY___ Cloud Pub/Sub Emulator                              
2019-05-19 20:09:35,648 INFO     ___FILE_ONLY___  
2019-05-19 20:09:35,648 INFO     ___FILE_ONLY___ │ 
2019-05-19 20:09:35,648 INFO     ___FILE_ONLY___ pubsub-emulator         
2019-05-19 20:09:35,648 INFO     ___FILE_ONLY___  
2019-05-19 20:09:35,648 INFO     ___FILE_ONLY___ │ 
2019-05-19 20:09:35,648 INFO     ___FILE_ONLY___  34.8 MiB
2019-05-19 20:09:35,649 INFO     ___FILE_ONLY___  
2019-05-19 20:09:35,649 INFO     ___FILE_ONLY___ │
2019-05-19 20:09:35,649 INFO     ___FILE_ONLY___ 

2019-05-19 20:09:35,649 INFO     ___FILE_ONLY___ │ 
2019-05-19 20:09:35,649 INFO     ___FILE_ONLY___ Not Installed   
2019-05-19 20:09:35,649 INFO     ___FILE_ONLY___  
2019-05-19 20:09:35,649 INFO     ___FILE_ONLY___ │ 
2019-05-19 20:09:35,649 INFO     ___FILE_ONLY___ Cloud SQL Proxy                                     
2019-05-19 20:09:35,649 INFO     ___FILE_ONLY___  
2019-05-19 20:09:35,649 INFO     ___FILE_ONLY___ │ 
2019-05-19 20:09:35,649 INFO     ___FILE_ONLY___ cloud_sql_proxy         
2019-05-19 20:09:35,649 INFO     ___FILE_ONLY___  
2019-05-19 20:09:35,650 INFO     ___FILE_ONLY___ │ 
2019-05-19 20:09:35,650 INFO     ___FILE_ONLY___   3.8 MiB
2019-05-19 20:09:35,650 INFO     ___FILE_ONLY___  
2019-05-19 20:09:35,650 INFO     ___FILE_ONLY___ │
2019-05-19 20:09:35,650 INFO     ___FILE_ONLY___ 

2019-05-19 20:09:35,650 INFO     ___FILE_ONLY___ │ 
2019-05-19 20:09:35,650 INFO     ___FILE_ONLY___ Not Installed   
2019-05-19 20:09:35,651 INFO     ___FILE_ONLY___  
2019-05-19 20:09:35,651 INFO     ___FILE_ONLY___ │ 
2019-05-19 20:09:35,651 INFO     ___FILE_ONLY___ Emulator Reverse Proxy                              
2019-05-19 20:09:35,651 INFO     ___FILE_ONLY___  
2019-05-19 20:09:35,651 INFO     ___FILE_ONLY___ │ 
2019-05-19 20:09:35,651 INFO     ___FILE_ONLY___ emulator-reverse-proxy  
2019-05-19 20:09:35,651 INFO     ___FILE_ONLY___  
2019-05-19 20:09:35,651 INFO     ___FILE_ONLY___ │ 
2019-05-19 20:09:35,651 INFO     ___FILE_ONLY___  14.5 MiB
2019-05-19 20:09:35,651 INFO     ___FILE_ONLY___  
2019-05-19 20:09:35,651 INFO     ___FILE_ONLY___ │
2019-05-19 20:09:35,651 INFO     ___FILE_ONLY___ 

2019-05-19 20:09:35,651 INFO     ___FILE_ONLY___ │ 
2019-05-19 20:09:35,652 INFO     ___FILE_ONLY___ Not Installed   
2019-05-19 20:09:35,652 INFO     ___FILE_ONLY___  
2019-05-19 20:09:35,652 INFO     ___FILE_ONLY___ │ 
2019-05-19 20:09:35,652 INFO     ___FILE_ONLY___ Google Cloud Build Local Builder                    
2019-05-19 20:09:35,652 INFO     ___FILE_ONLY___  
2019-05-19 20:09:35,652 INFO     ___FILE_ONLY___ │ 
2019-05-19 20:09:35,652 INFO     ___FILE_ONLY___ cloud-build-local       
2019-05-19 20:09:35,652 INFO     ___FILE_ONLY___  
2019-05-19 20:09:35,652 INFO     ___FILE_ONLY___ │ 
2019-05-19 20:09:35,652 INFO     ___FILE_ONLY___   6.0 MiB
2019-05-19 20:09:35,652 INFO     ___FILE_ONLY___  
2019-05-19 20:09:35,652 INFO     ___FILE_ONLY___ │
2019-05-19 20:09:35,652 INFO     ___FILE_ONLY___ 

2019-05-19 20:09:35,653 INFO     ___FILE_ONLY___ │ 
2019-05-19 20:09:35,653 INFO     ___FILE_ONLY___ Not Installed   
2019-05-19 20:09:35,653 INFO     ___FILE_ONLY___  
2019-05-19 20:09:35,653 INFO     ___FILE_ONLY___ │ 
2019-05-19 20:09:35,653 INFO     ___FILE_ONLY___ Google Container Registry's Docker credential helper
2019-05-19 20:09:35,653 INFO     ___FILE_ONLY___  
2019-05-19 20:09:35,653 INFO     ___FILE_ONLY___ │ 
2019-05-19 20:09:35,653 INFO     ___FILE_ONLY___ docker-credential-gcr   
2019-05-19 20:09:35,653 INFO     ___FILE_ONLY___  
2019-05-19 20:09:35,653 INFO     ___FILE_ONLY___ │ 
2019-05-19 20:09:35,653 INFO     ___FILE_ONLY___   1.8 MiB
2019-05-19 20:09:35,653 INFO     ___FILE_ONLY___  
2019-05-19 20:09:35,653 INFO     ___FILE_ONLY___ │
2019-05-19 20:09:35,653 INFO     ___FILE_ONLY___ 

2019-05-19 20:09:35,653 INFO     ___FILE_ONLY___ │ 
2019-05-19 20:09:35,654 INFO     ___FILE_ONLY___ Not Installed   
2019-05-19 20:09:35,654 INFO     ___FILE_ONLY___  
2019-05-19 20:09:35,654 INFO     ___FILE_ONLY___ │ 
2019-05-19 20:09:35,654 INFO     ___FILE_ONLY___ gcloud Alpha Commands                               
2019-05-19 20:09:35,654 INFO     ___FILE_ONLY___  
2019-05-19 20:09:35,654 INFO     ___FILE_ONLY___ │ 
2019-05-19 20:09:35,654 INFO     ___FILE_ONLY___ alpha                   
2019-05-19 20:09:35,654 INFO     ___FILE_ONLY___  
2019-05-19 20:09:35,654 INFO     ___FILE_ONLY___ │ 
2019-05-19 20:09:35,654 INFO     ___FILE_ONLY___   < 1 MiB
2019-05-19 20:09:35,654 INFO     ___FILE_ONLY___  
2019-05-19 20:09:35,654 INFO     ___FILE_ONLY___ │
2019-05-19 20:09:35,654 INFO     ___FILE_ONLY___ 

2019-05-19 20:09:35,654 INFO     ___FILE_ONLY___ │ 
2019-05-19 20:09:35,655 INFO     ___FILE_ONLY___ Not Installed   
2019-05-19 20:09:35,655 INFO     ___FILE_ONLY___  
2019-05-19 20:09:35,655 INFO     ___FILE_ONLY___ │ 
2019-05-19 20:09:35,655 INFO     ___FILE_ONLY___ gcloud Beta Commands                                
2019-05-19 20:09:35,655 INFO     ___FILE_ONLY___  
2019-05-19 20:09:35,655 INFO     ___FILE_ONLY___ │ 
2019-05-19 20:09:35,655 INFO     ___FILE_ONLY___ beta                    
2019-05-19 20:09:35,655 INFO     ___FILE_ONLY___  
2019-05-19 20:09:35,655 INFO     ___FILE_ONLY___ │ 
2019-05-19 20:09:35,655 INFO     ___FILE_ONLY___   < 1 MiB
2019-05-19 20:09:35,655 INFO     ___FILE_ONLY___  
2019-05-19 20:09:35,655 INFO     ___FILE_ONLY___ │
2019-05-19 20:09:35,655 INFO     ___FILE_ONLY___ 

2019-05-19 20:09:35,655 INFO     ___FILE_ONLY___ │ 
2019-05-19 20:09:35,655 INFO     ___FILE_ONLY___ Not Installed   
2019-05-19 20:09:35,656 INFO     ___FILE_ONLY___  
2019-05-19 20:09:35,656 INFO     ___FILE_ONLY___ │ 
2019-05-19 20:09:35,656 INFO     ___FILE_ONLY___ gcloud app Java Extensions                          
2019-05-19 20:09:35,656 INFO     ___FILE_ONLY___  
2019-05-19 20:09:35,656 INFO     ___FILE_ONLY___ │ 
2019-05-19 20:09:35,656 INFO     ___FILE_ONLY___ app-engine-java         
2019-05-19 20:09:35,656 INFO     ___FILE_ONLY___  
2019-05-19 20:09:35,656 INFO     ___FILE_ONLY___ │ 
2019-05-19 20:09:35,656 INFO     ___FILE_ONLY___ 105.6 MiB
2019-05-19 20:09:35,656 INFO     ___FILE_ONLY___  
2019-05-19 20:09:35,656 INFO     ___FILE_ONLY___ │
2019-05-19 20:09:35,656 INFO     ___FILE_ONLY___ 

2019-05-19 20:09:35,656 INFO     ___FILE_ONLY___ │ 
2019-05-19 20:09:35,656 INFO     ___FILE_ONLY___ Not Installed   
2019-05-19 20:09:35,656 INFO     ___FILE_ONLY___  
2019-05-19 20:09:35,657 INFO     ___FILE_ONLY___ │ 
2019-05-19 20:09:35,657 INFO     ___FILE_ONLY___ gcloud app PHP Extensions                           
2019-05-19 20:09:35,657 INFO     ___FILE_ONLY___  
2019-05-19 20:09:35,657 INFO     ___FILE_ONLY___ │ 
2019-05-19 20:09:35,657 INFO     ___FILE_ONLY___ app-engine-php          
2019-05-19 20:09:35,657 INFO     ___FILE_ONLY___  
2019-05-19 20:09:35,657 INFO     ___FILE_ONLY___ │ 
2019-05-19 20:09:35,657 INFO     ___FILE_ONLY___          
2019-05-19 20:09:35,657 INFO     ___FILE_ONLY___  
2019-05-19 20:09:35,657 INFO     ___FILE_ONLY___ │
2019-05-19 20:09:35,657 INFO     ___FILE_ONLY___ 

2019-05-19 20:09:35,657 INFO     ___FILE_ONLY___ │ 
2019-05-19 20:09:35,657 INFO     ___FILE_ONLY___ Not Installed   
2019-05-19 20:09:35,657 INFO     ___FILE_ONLY___  
2019-05-19 20:09:35,657 INFO     ___FILE_ONLY___ │ 
2019-05-19 20:09:35,658 INFO     ___FILE_ONLY___ gcloud app Python Extensions                        
2019-05-19 20:09:35,658 INFO     ___FILE_ONLY___  
2019-05-19 20:09:35,658 INFO     ___FILE_ONLY___ │ 
2019-05-19 20:09:35,658 INFO     ___FILE_ONLY___ app-engine-python       
2019-05-19 20:09:35,658 INFO     ___FILE_ONLY___  
2019-05-19 20:09:35,658 INFO     ___FILE_ONLY___ │ 
2019-05-19 20:09:35,658 INFO     ___FILE_ONLY___   6.0 MiB
2019-05-19 20:09:35,658 INFO     ___FILE_ONLY___  
2019-05-19 20:09:35,658 INFO     ___FILE_ONLY___ │
2019-05-19 20:09:35,658 INFO     ___FILE_ONLY___ 

2019-05-19 20:09:35,658 INFO     ___FILE_ONLY___ │ 
2019-05-19 20:09:35,658 INFO     ___FILE_ONLY___ Not Installed   
2019-05-19 20:09:35,658 INFO     ___FILE_ONLY___  
2019-05-19 20:09:35,659 INFO     ___FILE_ONLY___ │ 
2019-05-19 20:09:35,659 INFO     ___FILE_ONLY___ gcloud app Python Extensions (Extra Libraries)      
2019-05-19 20:09:35,659 INFO     ___FILE_ONLY___  
2019-05-19 20:09:35,659 INFO     ___FILE_ONLY___ │ 
2019-05-19 20:09:35,659 INFO     ___FILE_ONLY___ app-engine-python-extras
2019-05-19 20:09:35,659 INFO     ___FILE_ONLY___  
2019-05-19 20:09:35,659 INFO     ___FILE_ONLY___ │ 
2019-05-19 20:09:35,659 INFO     ___FILE_ONLY___  28.5 MiB
2019-05-19 20:09:35,659 INFO     ___FILE_ONLY___  
2019-05-19 20:09:35,660 INFO     ___FILE_ONLY___ │
2019-05-19 20:09:35,660 INFO     ___FILE_ONLY___ 

2019-05-19 20:09:35,660 INFO     ___FILE_ONLY___ │ 
2019-05-19 20:09:35,660 INFO     ___FILE_ONLY___ Not Installed   
2019-05-19 20:09:35,660 INFO     ___FILE_ONLY___  
2019-05-19 20:09:35,660 INFO     ___FILE_ONLY___ │ 
2019-05-19 20:09:35,660 INFO     ___FILE_ONLY___ kubectl                                             
2019-05-19 20:09:35,660 INFO     ___FILE_ONLY___  
2019-05-19 20:09:35,660 INFO     ___FILE_ONLY___ │ 
2019-05-19 20:09:35,660 INFO     ___FILE_ONLY___ kubectl                 
2019-05-19 20:09:35,661 INFO     ___FILE_ONLY___  
2019-05-19 20:09:35,661 INFO     ___FILE_ONLY___ │ 
2019-05-19 20:09:35,661 INFO     ___FILE_ONLY___   < 1 MiB
2019-05-19 20:09:35,661 INFO     ___FILE_ONLY___  
2019-05-19 20:09:35,661 INFO     ___FILE_ONLY___ │
2019-05-19 20:09:35,661 INFO     ___FILE_ONLY___ 

2019-05-19 20:09:35,661 INFO     ___FILE_ONLY___ └──────────────────┴──────────────────────────────────────────────────────┴──────────────────────────┴───────────┘
2019-05-19 20:09:35,661 INFO     ___FILE_ONLY___ 

2019-05-19 20:09:35,661 INFO     ___FILE_ONLY___ To install or remove components at your current SDK version [231.0.0], run:
  $ gcloud components install COMPONENT_ID
  $ gcloud components remove COMPONENT_ID

To update your SDK installation to the latest version [246.0.0], run:
  $ gcloud components update


