VirtualBox XPCOM Server 5.2.18_Ubuntu r123745 linux.amd64 (Dec 27 2018 00:41:57) release log
00:00:00.030743 main     Log opened 2019-02-13T22:03:11.509215000Z
00:00:00.030751 main     Build Type: release
00:00:00.030764 main     OS Product: Linux
00:00:00.030768 main     OS Release: 4.15.0-45-generic
00:00:00.030772 main     OS Version: #48-Ubuntu SMP Tue Jan 29 16:28:13 UTC 2019
00:00:00.030865 main     DMI Product Name: Inspiron 5567
00:00:00.030892 main     DMI Product Version: 
00:00:00.031096 main     Host RAM: 11907MB (11.6GB) total, 7206MB (7.0GB) available
00:00:00.031109 main     Executable: /usr/lib/virtualbox/VBoxSVC
00:00:00.031111 main     Process ID: 20940
00:00:00.031114 main     Package type: LINUX_64BITS_GENERIC (OSE)
00:00:00.037215 main     IPC socket path: /tmp/.vbox-gabo-ipc/ipcd
00:00:00.193787 nspr-2   VirtualBox: object creation starts
00:00:00.201390 nspr-2   Home directory: '/home/gabo/.config/VirtualBox'
00:00:00.217362 nspr-2   Loading settings file "/home/gabo/.config/VirtualBox/VirtualBox.xml" with version "1.12-linux"
00:00:00.261331 nspr-2   USB: Unknown USB device detected (idVendor: 0x8087, idProduct: 0x0a2a)
00:00:00.261684 nspr-2   Successfully initialised host USB using sysfs
00:00:00.314123 nspr-2   NetIfAdpCtlOut: VBoxNetAdpCtl: Error while retrieving link speed for wlp2s0: VBoxNetAdpCtl: ioctl failed: Operation not supported
00:00:00.353249 nspr-2   NAT: resolv.conf: nameserver 127.0.0.53
00:00:00.353370 nspr-2   HostDnsMonitor: old information
00:00:00.353386 nspr-2     no server entries
00:00:00.353399 nspr-2     no domain set
00:00:00.353410 nspr-2     no search string entries
00:00:00.353422 nspr-2   HostDnsMonitor: new information
00:00:00.353433 nspr-2     server 1: 127.0.0.53
00:00:00.353447 nspr-2     domain: sal.itesm.mx
00:00:00.353458 nspr-2     search string 1: sal.itesm.mx
00:00:00.353479 nspr-2   HostDnsMonitorProxy::notify
00:00:00.360690 nspr-2   Failed to open "/dev/vboxdrvu", errno=13, rc=VERR_VM_DRIVER_NOT_ACCESSIBLE
00:00:00.400988 nspr-2   VD: VDInit finished with VINF_SUCCESS
00:00:00.414978 nspr-2   ERROR [COM]: aRC=NS_ERROR_FAILURE (0x80004005) aIID={0eb668d2-495e-5a36-8890-29999b5f030c} aComponent={SystemPropertiesWrap} aText={Cannot determine default Guest Additions ISO location. Most likely they are not available}, preserve=false aResultDetail=0
00:00:00.489903 nspr-2   Loading settings file "/home/gabo/VirtualBox VMs/Windows 7/Windows 7.vbox" with version "1.15-linux"
00:00:00.495461 nspr-2   VirtualBox: object created
00:00:06.291210 nspr-8   ERROR [COM]: aRC=VBOX_E_OBJECT_NOT_FOUND (0x80bb0001) aIID={edba9d10-45d8-b440-1712-46ac0c9bc4c5} aComponent={ExtPackManagerWrap} aText={No extension pack by the name 'Oracle VM VirtualBox Extension Pack' was found}, preserve=false aResultDetail=0
00:00:06.421603 nspr-8   ERROR [COM]: aRC=VBOX_E_IPRT_ERROR (0x80bb0005) aIID={85cd948e-a71f-4289-281e-0ca7ad48cd89} aComponent={SessionMachine} aText={Saved screenshot data is not available (VERR_NOT_SUPPORTED)}, preserve=false aResultDetail=0
00:00:06.442718 nspr-6   NetIfAdpCtlOut: VBoxNetAdpCtl: Error while retrieving link speed for wlp2s0: VBoxNetAdpCtl: ioctl failed: Operation not supported
00:00:06.745765 nspr-6   Failed to open "/dev/vboxdrvu", errno=13, rc=VERR_VM_DRIVER_NOT_ACCESSIBLE
00:04:21.185186 MainPower Host suspending: Paused 1 VMs
00:04:26.733481 MainPower Host resumed: Resumed 1 VMs
00:38:51.015363 nspr-6   Failed to open "/dev/vboxdrvu", errno=13, rc=VERR_VM_DRIVER_NOT_ACCESSIBLE
00:38:51.448371 nspr-6   Failed to open "/dev/vboxdrvu", errno=13, rc=VERR_VM_DRIVER_NOT_ACCESSIBLE
00:38:51.565151 nspr-2   NetIfAdpCtlOut: VBoxNetAdpCtl: Error while retrieving link speed for wlp2s0: VBoxNetAdpCtl: ioctl failed: Operation not supported
00:38:51.590926 nspr-5   NetIfAdpCtlOut: VBoxNetAdpCtl: Error while retrieving link speed for wlp2s0: VBoxNetAdpCtl: ioctl failed: Operation not supported
00:39:24.409997 nspr-6   Saving settings file "/home/gabo/VirtualBox VMs/Windows 7/Windows 7.vbox" with version "1.15-linux"
01:35:06.417637 MainPower Host suspending: Paused 1 VMs
01:35:12.967804 MainPower Host resumed: Resumed 1 VMs
05:51:54.204934 nspr-6   Saving settings file "/home/gabo/VirtualBox VMs/Windows 7/Windows 7.vbox" with version "1.15-linux"
05:51:57.651877 nspr-5   Saving settings file "/home/gabo/.config/VirtualBox/VirtualBox.xml" with version "1.12-linux"
05:51:57.904527 nspr-6   Saving settings file "/home/gabo/.config/VirtualBox/VirtualBox.xml" with version "1.12-linux"
05:51:58.044774 nspr-7   Saving settings file "/home/gabo/.config/VirtualBox/VirtualBox.xml" with version "1.12-linux"
05:51:58.117024 nspr-6   Saving settings file "/home/gabo/.config/VirtualBox/VirtualBox.xml" with version "1.12-linux"
05:52:03.728772 main     VirtualBox: object deletion starts
05:52:03.728969 main     ERROR [COM]: aRC=VBOX_E_OBJECT_IN_USE (0x80bb000c) aIID={4afe423b-43e0-e9d0-82e8-ceb307940dda} aComponent={MediumWrap} aText={Medium '/home/gabo/VirtualBox VMs/Windows 7/Windows 7.vdi' cannot be closed because it is still attached to 1 virtual machines}, preserve=false aResultDetail=0
05:52:04.224213 Watcher  ERROR [COM]: aRC=E_ACCESSDENIED (0x80070005) aIID={9570b9d5-f1a1-448a-10c5-e12f5285adad} aComponent={VirtualBoxWrap} aText={The object is not ready}, preserve=false aResultDetail=0
05:52:08.731338 main     {00007fe16c01a340} HostPowerServiceLinux::~HostPowerServiceLinux: RTThreadWait() for 5000 ms failed with VERR_TIMEOUT
05:52:08.732815 main     VirtualBox: object deleted
